#
# A fatal error has been detected by the Java Runtime Environment:
#
#  EXCEPTION_ACCESS_VIOLATION (0xc0000005) at pc=0x00000000514147db, pid=97040, tid=157100
#
# JRE version: Java(TM) SE Runtime Environment (7.0_75-b13) (build 1.7.0_75-b13)
# Java VM: Java HotSpot(TM) 64-Bit Server VM (24.75-b04 mixed mode windows-amd64 compressed oops)
# Problematic frame:
# V  [jvm.dll+0x1447db]
#
# Failed to write core dump. Minidumps are not enabled by default on client versions of Windows
#
# If you would like to submit a bug report, please visit:
#   http://bugreport.sun.com/bugreport/crash.jsp
#

---------------  T H R E A D  ---------------

Current thread (0x00000000100c7000):  JavaThread "JDWP Transport Listener: dt_socket" daemon [_thread_in_vm, id=157100, stack(0x0000000011710000,0x0000000011810000)]

siginfo: ExceptionCode=0xc0000005, reading address 0x00003b000000003b

Registers:
RAX=0x000000001180f201, RBX=0x00000000100c7000, RCX=0x00003b000000003b, RDX=0x0000000000000000
RSP=0x000000001180f250, RBP=0x00003b000000003b, RSI=0x000000001180f368, RDI=0x00000000032198b0
R8 =0x00000000100c7000, R9 =0x0000000000000000, R10=0x0000000000000000, R11=0x0000000000000064
R12=0x0000000000000000, R13=0x00000000100c0018, R14=0x0000000000000000, R15=0x0000000000000000
RIP=0x00000000514147db, EFLAGS=0x0000000000010202

Top of Stack: (sp=0x000000001180f250)
0x000000001180f250:   00000000100c7000 0000000000000002
0x000000001180f260:   000000001180f318 00000000515b5f09
0x000000001180f270:   00000000100c7000 00000000515d3ab2
0x000000001180f280:   0000000000000000 0000000051b58e8d
0x000000001180f290:   000000001007ee60 0000000051b62666
0x000000001180f2a0:   00000000100c7000 0000000000000000
0x000000001180f2b0:   0000000000000000 0000000000000000
0x000000001180f2c0:   00003b000000003b 0000000051b6175d
0x000000001180f2d0:   000000001180f368 000000001180f340
0x000000001180f2e0:   0000000000000001 000000001007ee60
0x000000001180f2f0:   00003b000000003b 0000000051b453b3
0x000000001180f300:   000000001180f430 0000000000000001
0x000000001180f310:   0000000000000001 000000001007ee60
0x000000001180f320:   0000000000000009 0000000000000000
0x000000001180f330:   0000000000000000 0000000000000000
0x000000001180f340:   0000000000000001 0000000051b45571 

Instructions: (pc=0x00000000514147db)
0x00000000514147bb:   48 8b 5c 24 30 48 89 47 18 48 83 c4 20 5f c3 cc
0x00000000514147cb:   cc cc cc cc cc 40 53 48 83 ec 20 48 85 c9 74 54
0x00000000514147db:   48 8b 19 48 85 db 74 4c 48 b8 fe fe fe fe fe fe
0x00000000514147eb:   fe fe 48 3b d8 74 3d 80 3d ff 17 61 00 00 74 15 


Register to memory mapping:

RAX=0x000000001180f201 is pointing into the stack for thread: 0x00000000100c7000
RBX=0x00000000100c7000 is a thread
RCX=0x00003b000000003b is an unknown value
RDX=0x0000000000000000 is an unknown value
RSP=0x000000001180f250 is pointing into the stack for thread: 0x00000000100c7000
RBP=0x00003b000000003b is an unknown value
RSI=0x000000001180f368 is pointing into the stack for thread: 0x00000000100c7000
RDI=0x00000000032198b0 is an unknown value
R8 =0x00000000100c7000 is a thread
R9 =0x0000000000000000 is an unknown value
R10=0x0000000000000000 is an unknown value
R11=0x0000000000000064 is an unknown value
R12=0x0000000000000000 is an unknown value
R13=0x00000000100c0018 is an unknown value
R14=0x0000000000000000 is an unknown value
R15=0x0000000000000000 is an unknown value


Stack: [0x0000000011710000,0x0000000011810000],  sp=0x000000001180f250,  free space=1020k
Native frames: (J=compiled Java code, j=interpreted, Vv=VM code, C=native code)
V  [jvm.dll+0x1447db]


---------------  P R O C E S S  ---------------

Java Threads: ( => current thread )
  0x00000000100f4000 JavaThread "Service Thread" daemon [_thread_blocked, id=2416, stack(0x0000000011c10000,0x0000000011d10000)]
  0x00000000100f3000 JavaThread "C2 CompilerThread1" daemon [_thread_blocked, id=128236, stack(0x0000000011b10000,0x0000000011c10000)]
  0x00000000100ed800 JavaThread "C2 CompilerThread0" daemon [_thread_blocked, id=15668, stack(0x0000000011a10000,0x0000000011b10000)]
  0x00000000100d8000 JavaThread "JDWP Command Reader" daemon [_thread_in_native, id=29636, stack(0x0000000011910000,0x0000000011a10000)]
  0x00000000100d5800 JavaThread "JDWP Event Helper Thread" daemon [_thread_blocked, id=185820, stack(0x0000000011810000,0x0000000011910000)]
=>0x00000000100c7000 JavaThread "JDWP Transport Listener: dt_socket" daemon [_thread_in_vm, id=157100, stack(0x0000000011710000,0x0000000011810000)]
  0x00000000100c1800 JavaThread "Attach Listener" daemon [_thread_blocked, id=28124, stack(0x0000000011530000,0x0000000011630000)]
  0x00000000100be800 JavaThread "Signal Dispatcher" daemon [_thread_blocked, id=57100, stack(0x0000000011430000,0x0000000011530000)]
  0x0000000010072000 JavaThread "Finalizer" daemon [_thread_blocked, id=67532, stack(0x0000000011330000,0x0000000011430000)]
  0x0000000010068000 JavaThread "Reference Handler" daemon [_thread_blocked, id=135368, stack(0x0000000011230000,0x0000000011330000)]
  0x000000000321e000 JavaThread "main" [_thread_blocked, id=39676, stack(0x0000000001510000,0x0000000001610000)]

Other Threads:
  0x0000000010062800 VMThread [stack: 0x0000000011130000,0x0000000011230000] [id=136216]
  0x0000000010110800 WatcherThread [stack: 0x0000000011d10000,0x0000000011e10000] [id=60000]

VM state:not at safepoint (normal execution)

VM Mutex/Monitor currently owned by a thread: None

Heap
 PSYoungGen      total 76288K, used 3932K [0x00000007aaf00000, 0x00000007b0400000, 0x0000000800000000)
  eden space 65536K, 6% used [0x00000007aaf00000,0x00000007ab2d71b0,0x00000007aef00000)
  from space 10752K, 0% used [0x00000007af980000,0x00000007af980000,0x00000007b0400000)
  to   space 10752K, 0% used [0x00000007aef00000,0x00000007aef00000,0x00000007af980000)
 ParOldGen       total 174080K, used 0K [0x0000000700e00000, 0x000000070b800000, 0x00000007aaf00000)
  object space 174080K, 0% used [0x0000000700e00000,0x0000000700e00000,0x000000070b800000)
 PSPermGen       total 21504K, used 2744K [0x00000006fbc00000, 0x00000006fd100000, 0x0000000700e00000)
  object space 21504K, 12% used [0x00000006fbc00000,0x00000006fbeae290,0x00000006fd100000)

Card table byte_map: [0x00000000062e0000,0x0000000006b10000] byte_map_base: 0x0000000002b02000

Polling page: 0x0000000001620000

Code Cache  [0x0000000003220000, 0x0000000003490000, 0x0000000006220000)
 total_blobs=162 nmethods=0 adapters=138 free_code_cache=48774Kb largest_free_block=49944512

Compilation events (0 events):
No events

GC Heap History (0 events):
No events

Deoptimization events (0 events):
No events

Internal exceptions (3 events):
Event: 0.021 Thread 0x000000000321e000 Threw 0x00000007aaf0f618 at C:\re\jdk7u75\1940\hotspot\src\share\vm\prims\jni.cpp:3991
Event: 0.128 Thread 0x000000000321e000 Threw 0x00000007aaf96018 at C:\re\jdk7u75\1940\hotspot\src\share\vm\prims\jvm.cpp:1281
Event: 0.141 Thread 0x000000000321e000 Threw 0x00000007aaf9b180 at C:\re\jdk7u75\1940\hotspot\src\share\vm\prims\jvm.cpp:1281

Events (10 events):
Event: 1297.849 Executing VM operation: ChangeBreakpoints
Event: 1297.849 Executing VM operation: ChangeBreakpoints done
Event: 2023.520 Executing VM operation: ChangeBreakpoints
Event: 2023.521 Executing VM operation: ChangeBreakpoints done
Event: 4482.427 Executing VM operation: ChangeBreakpoints
Event: 4482.428 Executing VM operation: ChangeBreakpoints done
Event: 4483.152 Executing VM operation: ChangeBreakpoints
Event: 4483.153 Executing VM operation: ChangeBreakpoints done
Event: 4486.427 Executing VM operation: RedefineClasses
Event: 4486.427 Executing VM operation: RedefineClasses done


Dynamic libraries:
0x00007ff646900000 - 0x00007ff646933000 	D:\java\jdk\bin\javaw.exe
0x00007ffc8c1b0000 - 0x00007ffc8c371000 	C:\WINDOWS\SYSTEM32\ntdll.dll
0x00007ffc8a300000 - 0x00007ffc8a3ad000 	C:\WINDOWS\system32\KERNEL32.DLL
0x00007ffc891b0000 - 0x00007ffc89398000 	C:\WINDOWS\system32\KERNELBASE.dll
0x00007ffc89ec0000 - 0x00007ffc89f67000 	C:\WINDOWS\system32\ADVAPI32.dll
0x00007ffc8a920000 - 0x00007ffc8a9bd000 	C:\WINDOWS\system32\msvcrt.dll
0x00007ffc8a2a0000 - 0x00007ffc8a2fb000 	C:\WINDOWS\system32\sechost.dll
0x00007ffc89920000 - 0x00007ffc89a3c000 	C:\WINDOWS\system32\RPCRT4.dll
0x00007ffc89590000 - 0x00007ffc896e6000 	C:\WINDOWS\system32\USER32.dll
0x00007ffc8bfa0000 - 0x00007ffc8c126000 	C:\WINDOWS\system32\GDI32.dll
0x00007ffc840e0000 - 0x00007ffc84354000 	C:\WINDOWS\WinSxS\amd64_microsoft.windows.common-controls_6595b64144ccf1df_6.0.10586.589_none_a2ddb3caa539acce\COMCTL32.dll
0x00007ffc89c40000 - 0x00007ffc89ebd000 	C:\WINDOWS\system32\combase.dll
0x00007ffc88890000 - 0x00007ffc888fa000 	C:\WINDOWS\system32\bcryptPrimitives.dll
0x00007ffc8a8c0000 - 0x00007ffc8a8fb000 	C:\WINDOWS\system32\IMM32.DLL
0x0000000051150000 - 0x0000000051222000 	D:\java\jdk\jre\bin\msvcr100.dll
0x00000000512d0000 - 0x0000000051aa4000 	D:\java\jdk\jre\bin\server\jvm.dll
0x00007ffc8a900000 - 0x00007ffc8a908000 	C:\WINDOWS\system32\PSAPI.DLL
0x00007ffc86dd0000 - 0x00007ffc86df3000 	C:\WINDOWS\SYSTEM32\WINMM.dll
0x00007ffc7dc80000 - 0x00007ffc7dc89000 	C:\WINDOWS\SYSTEM32\WSOCK32.dll
0x00007ffc8a230000 - 0x00007ffc8a29b000 	C:\WINDOWS\system32\WS2_32.dll
0x00007ffc86da0000 - 0x00007ffc86dcc000 	C:\WINDOWS\SYSTEM32\WINMMBASE.dll
0x00007ffc88840000 - 0x00007ffc88883000 	C:\WINDOWS\system32\cfgmgr32.dll
0x0000000051f70000 - 0x0000000051f7f000 	D:\java\jdk\jre\bin\verify.dll
0x00000000512a0000 - 0x00000000512c8000 	D:\java\jdk\jre\bin\java.dll
0x0000000051b40000 - 0x0000000051b75000 	D:\java\jdk\jre\bin\jdwp.dll
0x0000000051b30000 - 0x0000000051b38000 	D:\java\jdk\jre\bin\npt.dll
0x0000000051f50000 - 0x0000000051f65000 	D:\java\jdk\jre\bin\zip.dll
0x0000000051b20000 - 0x0000000051b29000 	D:\java\jdk\jre\bin\dt_socket.dll
0x00007ffc86420000 - 0x00007ffc86438000 	C:\WINDOWS\system32\NLAapi.dll
0x00007ffc7a780000 - 0x00007ffc7a796000 	C:\WINDOWS\system32\napinsp.dll
0x00007ffc7a6c0000 - 0x00007ffc7a6da000 	C:\WINDOWS\system32\pnrpnsp.dll
0x00007ffc88080000 - 0x00007ffc880dc000 	C:\WINDOWS\System32\mswsock.dll
0x00007ffc871d0000 - 0x00007ffc8727a000 	C:\WINDOWS\SYSTEM32\DNSAPI.dll
0x00007ffc8bf90000 - 0x00007ffc8bf98000 	C:\WINDOWS\system32\NSI.dll
0x00007ffc7a6b0000 - 0x00007ffc7a6bd000 	C:\WINDOWS\System32\winrnr.dll
0x0000000052020000 - 0x0000000052046000 	C:\Program Files\Bonjour\mdnsNSP.dll
0x00007ffc86440000 - 0x00007ffc86478000 	C:\WINDOWS\SYSTEM32\Iphlpapi.DLL
0x00007ffc821b0000 - 0x00007ffc82217000 	C:\WINDOWS\System32\fwpuclnt.dll
0x00007ffc886e0000 - 0x00007ffc88709000 	C:\WINDOWS\SYSTEM32\bcrypt.dll
0x00007ffc7f010000 - 0x00007ffc7f01a000 	C:\Windows\System32\rasadhlp.dll
0x00007ffc7ab10000 - 0x00007ffc7ac9c000 	C:\WINDOWS\SYSTEM32\dbghelp.dll

VM Arguments:
jvm_args: -agentlib:jdwp=transport=dt_socket,suspend=y,address=localhost:1120 -Dfile.encoding=UTF-8 
java_command: easy.RemoveNode
Launcher Type: SUN_STANDARD

Environment Variables:
JAVA_HOME=D:\java\jdk
CLASSPATH=.;D:\java\jdk\lib\dt.jar;D:\java\jdk\lib\tools.jar
PATH=D:/java/jdk/bin/../jre/bin/server;D:/java/jdk/bin/../jre/bin;D:/java/jdk/bin/../jre/lib/amd64;F:\cplex_stu\opl\bin\x64_win64;F:\cplex_stu\opl\oplide\;F:\cplex_stu\cplex\bin\x64_win64;F:\cplex_stu\cpoptimizer\bin\x64_win64;F:\cplex\opl\bin\x64_win64;F:\cplex\opl\oplide\;F:\cplex\cplex\bin\x64_win64;F:\cplex\cpoptimizer\bin\x64_win64;F:\ILOG\opl\bin\x64_win64;F:\ILOG\opl\oplide\;F:\ILOG\cplex\bin\x64_win64;F:\ILOG\cpoptimizer\bin\x64_win64;D:\java\jdk\bin;D:\java\jdk\jre\bin;C:\Program Files (x86)\Intel\iCLS Client\;C:\Program Files\Intel\iCLS Client\;C:\WINDOWS\system32;C:\WINDOWS;C:\WINDOWS\System32\Wbem;C:\WINDOWS\System32\WindowsPowerShell\v1.0\;C:\Program Files (x86)\Intel\Intel(R) Management Engine Components\DAL;C:\Program Files (x86)\Intel\Intel(R) Management Engine Components\IPT;C:\Program Files (x86)\ATI Technologies\ATI.ACE\Core-Static;C:\Program Files\Intel\Intel(R) Management Engine Components\DAL;C:\Program Files\Intel\Intel(R) Management Engine Components\IPT;C:\Program Files (x86)\Windows Kits\8.1\Windows Performance Toolkit\;C:\Program Files\Microsoft SQL Server\110\Tools\Binn\;C:\Program Files (x86)\Microsoft SDKs\TypeScript\1.0\;F:\MySQL\mysql-5.6.23-winx64\bin;F:\MATLAB2012a\runtime\win64;F:\MATLAB2012a\bin;F:\MATLAB2012a\runtime\win64\v717\runtime\win64;C:\Program Files (x86)\NVIDIA Corporation\PhysX\Common;D:\java\apache-maven-3.3.1\bin;D:\Anaconda\MinGW\bin;D:\Anaconda\MinGW\x86_64-w64-mingw32\lib;D:\Anaconda;D:\Anaconda\Scripts;D:\Anaconda\Library\bin;D:\opencv\opencv\build\x86\vc12\bin;F:\apache-tomcat-7.0.72-windows-x64\apache-tomcat-7.0.72\bin;D:\souhu\搜狐影音\5.0.2.0;D:\软件安装包\eclipse;
USERNAME=Dell
OS=Windows_NT
PROCESSOR_IDENTIFIER=Intel64 Family 6 Model 60 Stepping 3, GenuineIntel



---------------  S Y S T E M  ---------------

OS: Windows 8.1 , 64 bit Build 9600 

CPU:total 4 (4 cores per cpu, 1 threads per core) family 6 model 60 stepping 3, cmov, cx8, fxsr, mmx, sse, sse2, sse3, ssse3, sse4.1, sse4.2, popcnt, avx, avx2, aes, erms, tsc, tscinvbit

Memory: 4k page, physical 16718000k(8427844k free), swap 24778844k(3503332k free)

vm_info: Java HotSpot(TM) 64-Bit Server VM (24.75-b04) for windows-amd64 JRE (1.7.0_75-b13), built on Dec 18 2014 17:15:01 by "java_re" with unknown MS VC++:1600

time: Mon Nov 28 14:18:56 2016
elapsed time: 4486 seconds

